
> super-brain-be@0.0.1 start:dev
> nest start --watch

[2J[3J[H[[90m11:47:10 am[0m] Starting compilation in watch mode...

[[90m11:47:15 am[0m] Found 0 errors. Watching for file changes.

[dotenv@17.2.3] injecting env (0) from .env -- tip: ⚙️  load multiple .env files with { path: ['.env.local', '.env'] }
Dynamic DNS Monkey-patch configured for 794fd974-dced-4d95-a5c8-15e460ecec1d.sa-east-1-0.aws.cloud.qdrant.io
[32m[Nest] 499024  - [39m23/05/2026, 11:47:16 am [32m    LOG[39m [38;5;3m[NestFactory] [39m[32mStarting Nest application...[39m
[32m[Nest] 499024  - [39m23/05/2026, 11:47:16 am [32m    LOG[39m [38;5;3m[InstanceLoader] [39m[32mMongooseModule dependencies initialized[39m[38;5;3m +18ms[39m
[32m[Nest] 499024  - [39m23/05/2026, 11:47:16 am [32m    LOG[39m [38;5;3m[InstanceLoader] [39m[32mPassportModule dependencies initialized[39m[38;5;3m +0ms[39m
[32m[Nest] 499024  - [39m23/05/2026, 11:47:16 am [32m    LOG[39m [38;5;3m[InstanceLoader] [39m[32mMulterModule dependencies initialized[39m[38;5;3m +0ms[39m
[32m[Nest] 499024  - [39m23/05/2026, 11:47:16 am [32m    LOG[39m [38;5;3m[InstanceLoader] [39m[32mConfigHostModule dependencies initialized[39m[38;5;3m +1ms[39m
[32m[Nest] 499024  - [39m23/05/2026, 11:47:16 am [32m    LOG[39m [38;5;3m[InstanceLoader] [39m[32mDiscoveryModule dependencies initialized[39m[38;5;3m +0ms[39m
[32m[Nest] 499024  - [39m23/05/2026, 11:47:16 am [32m    LOG[39m [38;5;3m[AiService] [39m[32mNVIDIA embedding service ready.[39m
[32m[Nest] 499024  - [39m23/05/2026, 11:47:16 am [32m    LOG[39m [38;5;3m[InstanceLoader] [39m[32mAppModule dependencies initialized[39m[38;5;3m +0ms[39m
[32m[Nest] 499024  - [39m23/05/2026, 11:47:16 am [32m    LOG[39m [38;5;3m[InstanceLoader] [39m[32mConfigModule dependencies initialized[39m[38;5;3m +0ms[39m
[32m[Nest] 499024  - [39m23/05/2026, 11:47:16 am [32m    LOG[39m [38;5;3m[InstanceLoader] [39m[32mConfigModule dependencies initialized[39m[38;5;3m +0ms[39m
[32m[Nest] 499024  - [39m23/05/2026, 11:47:16 am [32m    LOG[39m [38;5;3m[InstanceLoader] [39m[32mVectorModule dependencies initialized[39m[38;5;3m +13ms[39m
[32m[Nest] 499024  - [39m23/05/2026, 11:47:16 am [32m    LOG[39m [38;5;3m[InstanceLoader] [39m[32mBullModule dependencies initialized[39m[38;5;3m +1ms[39m
[32m[Nest] 499024  - [39m23/05/2026, 11:47:16 am [32m    LOG[39m [38;5;3m[InstanceLoader] [39m[32mBullModule dependencies initialized[39m[38;5;3m +0ms[39m
[32m[Nest] 499024  - [39m23/05/2026, 11:47:16 am [32m    LOG[39m [38;5;3m[InstanceLoader] [39m[32mJwtModule dependencies initialized[39m[38;5;3m +0ms[39m
[32m[Nest] 499024  - [39m23/05/2026, 11:47:16 am [32m    LOG[39m [38;5;3m[InstanceLoader] [39m[32mBullModule dependencies initialized[39m[38;5;3m +4ms[39m
[32m[Nest] 499024  - [39m23/05/2026, 11:47:16 am [32m    LOG[39m [38;5;3m[InstanceLoader] [39m[32mAiModule dependencies initialized[39m[38;5;3m +0ms[39m
DNS Cache initialized for 794fd974-dced-4d95-a5c8-15e460ecec1d.sa-east-1-0.aws.cloud.qdrant.io -> 52.67.45.23
[32m[Nest] 499024  - [39m23/05/2026, 11:47:20 am [32m    LOG[39m [38;5;3m[InstanceLoader] [39m[32mMongooseCoreModule dependencies initialized[39m[38;5;3m +3663ms[39m
[32m[Nest] 499024  - [39m23/05/2026, 11:47:20 am [32m    LOG[39m [38;5;3m[InstanceLoader] [39m[32mMongooseModule dependencies initialized[39m[38;5;3m +3ms[39m
[32m[Nest] 499024  - [39m23/05/2026, 11:47:20 am [32m    LOG[39m [38;5;3m[InstanceLoader] [39m[32mMongooseModule dependencies initialized[39m[38;5;3m +0ms[39m
[32m[Nest] 499024  - [39m23/05/2026, 11:47:20 am [32m    LOG[39m [38;5;3m[InstanceLoader] [39m[32mMongooseModule dependencies initialized[39m[38;5;3m +0ms[39m
[32m[Nest] 499024  - [39m23/05/2026, 11:47:20 am [32m    LOG[39m [38;5;3m[InstanceLoader] [39m[32mUserModule dependencies initialized[39m[38;5;3m +1ms[39m
[32m[Nest] 499024  - [39m23/05/2026, 11:47:20 am [32m    LOG[39m [38;5;3m[InstanceLoader] [39m[32mQueueModule dependencies initialized[39m[38;5;3m +0ms[39m
[32m[Nest] 499024  - [39m23/05/2026, 11:47:20 am [32m    LOG[39m [38;5;3m[InstanceLoader] [39m[32mAuthModule dependencies initialized[39m[38;5;3m +1ms[39m
[32m[Nest] 499024  - [39m23/05/2026, 11:47:20 am [32m    LOG[39m [38;5;3m[InstanceLoader] [39m[32mShareModule dependencies initialized[39m[38;5;3m +0ms[39m
[32m[Nest] 499024  - [39m23/05/2026, 11:47:20 am [32m    LOG[39m [38;5;3m[InstanceLoader] [39m[32mContentModule dependencies initialized[39m[38;5;3m +0ms[39m
[32m[Nest] 499024  - [39m23/05/2026, 11:47:20 am [32m    LOG[39m [38;5;3m[RoutesResolver] [39m[32mAppController {/api/v1}:[39m[38;5;3m +6ms[39m
[32m[Nest] 499024  - [39m23/05/2026, 11:47:20 am [32m    LOG[39m [38;5;3m[RouterExplorer] [39m[32mMapped {/api/v1, GET} route[39m[38;5;3m +4ms[39m
[32m[Nest] 499024  - [39m23/05/2026, 11:47:20 am [32m    LOG[39m [38;5;3m[RoutesResolver] [39m[32mAuthController {/api/v1}:[39m[38;5;3m +0ms[39m
[32m[Nest] 499024  - [39m23/05/2026, 11:47:20 am [32m    LOG[39m [38;5;3m[RouterExplorer] [39m[32mMapped {/api/v1/signup, POST} route[39m[38;5;3m +1ms[39m
[32m[Nest] 499024  - [39m23/05/2026, 11:47:20 am [32m    LOG[39m [38;5;3m[RouterExplorer] [39m[32mMapped {/api/v1/signin, POST} route[39m[38;5;3m +0ms[39m
[32m[Nest] 499024  - [39m23/05/2026, 11:47:20 am [32m    LOG[39m [38;5;3m[RoutesResolver] [39m[32mContentController {/api/v1/content}:[39m[38;5;3m +0ms[39m
[32m[Nest] 499024  - [39m23/05/2026, 11:47:20 am [32m    LOG[39m [38;5;3m[RouterExplorer] [39m[32mMapped {/api/v1/content, POST} route[39m[38;5;3m +1ms[39m
[32m[Nest] 499024  - [39m23/05/2026, 11:47:20 am [32m    LOG[39m [38;5;3m[RouterExplorer] [39m[32mMapped {/api/v1/content/upload, POST} route[39m[38;5;3m +1ms[39m
[32m[Nest] 499024  - [39m23/05/2026, 11:47:20 am [32m    LOG[39m [38;5;3m[RouterExplorer] [39m[32mMapped {/api/v1/content, GET} route[39m[38;5;3m +0ms[39m
[32m[Nest] 499024  - [39m23/05/2026, 11:47:20 am [32m    LOG[39m [38;5;3m[RouterExplorer] [39m[32mMapped {/api/v1/content/:id, DELETE} route[39m[38;5;3m +1ms[39m
[32m[Nest] 499024  - [39m23/05/2026, 11:47:20 am [32m    LOG[39m [38;5;3m[RoutesResolver] [39m[32mAiController {/api/v1/ai}:[39m[38;5;3m +0ms[39m
[32m[Nest] 499024  - [39m23/05/2026, 11:47:20 am [32m    LOG[39m [38;5;3m[RouterExplorer] [39m[32mMapped {/api/v1/ai/search, GET} route[39m[38;5;3m +0ms[39m
[32m[Nest] 499024  - [39m23/05/2026, 11:47:20 am [32m    LOG[39m [38;5;3m[RouterExplorer] [39m[32mMapped {/api/v1/ai/ask, POST} route[39m[38;5;3m +1ms[39m
[32m[Nest] 499024  - [39m23/05/2026, 11:47:20 am [32m    LOG[39m [38;5;3m[RoutesResolver] [39m[32mShareController {/api/v1/brain}:[39m[38;5;3m +0ms[39m
[32m[Nest] 499024  - [39m23/05/2026, 11:47:20 am [32m    LOG[39m [38;5;3m[RouterExplorer] [39m[32mMapped {/api/v1/brain/share, POST} route[39m[38;5;3m +0ms[39m
[32m[Nest] 499024  - [39m23/05/2026, 11:47:20 am [32m    LOG[39m [38;5;3m[RouterExplorer] [39m[32mMapped {/api/v1/brain/:shareLink, GET} route[39m[38;5;3m +0ms[39m
[32m[Nest] 499024  - [39m23/05/2026, 11:47:21 am [32m    LOG[39m [38;5;3m[VectorService] [39m[32mUsing existing Qdrant collection: secondbrain[39m
[32m[Nest] 499024  - [39m23/05/2026, 11:47:22 am [32m    LOG[39m [38;5;3m[VectorService] [39m[32mEnsured payload index: userId (keyword)[39m
[32m[Nest] 499024  - [39m23/05/2026, 11:47:22 am [32m    LOG[39m [38;5;3m[VectorService] [39m[32mEnsured payload index: contentId (keyword)[39m
[32m[Nest] 499024  - [39m23/05/2026, 11:47:22 am [32m    LOG[39m [38;5;3m[NestApplication] [39m[32mNest application successfully started[39m[38;5;3m +3ms[39m
Backend is running on: http://localhost:3000/api/v1
[2J[3J[H[[90m11:49:34 am[0m] File change detected. Starting incremental compilation...

[[90m11:49:35 am[0m] Found 0 errors. Watching for file changes.

[dotenv@17.2.3] injecting env (0) from .env -- tip: 🗂️ backup and recover secrets: https://dotenvx.com/ops
Dynamic DNS Monkey-patch configured for 794fd974-dced-4d95-a5c8-15e460ecec1d.sa-east-1-0.aws.cloud.qdrant.io
[32m[Nest] 501340  - [39m23/05/2026, 11:49:36 am [32m    LOG[39m [38;5;3m[NestFactory] [39m[32mStarting Nest application...[39m
[32m[Nest] 501340  - [39m23/05/2026, 11:49:36 am [32m    LOG[39m [38;5;3m[InstanceLoader] [39m[32mMongooseModule dependencies initialized[39m[38;5;3m +19ms[39m
[32m[Nest] 501340  - [39m23/05/2026, 11:49:36 am [32m    LOG[39m [38;5;3m[InstanceLoader] [39m[32mPassportModule dependencies initialized[39m[38;5;3m +0ms[39m
[32m[Nest] 501340  - [39m23/05/2026, 11:49:36 am [32m    LOG[39m [38;5;3m[InstanceLoader] [39m[32mMulterModule dependencies initialized[39m[38;5;3m +0ms[39m
[32m[Nest] 501340  - [39m23/05/2026, 11:49:36 am [32m    LOG[39m [38;5;3m[InstanceLoader] [39m[32mConfigHostModule dependencies initialized[39m[38;5;3m +1ms[39m
[32m[Nest] 501340  - [39m23/05/2026, 11:49:36 am [32m    LOG[39m [38;5;3m[InstanceLoader] [39m[32mDiscoveryModule dependencies initialized[39m[38;5;3m +0ms[39m
[32m[Nest] 501340  - [39m23/05/2026, 11:49:36 am [32m    LOG[39m [38;5;3m[AiService] [39m[32mNVIDIA embedding service ready.[39m
[32m[Nest] 501340  - [39m23/05/2026, 11:49:36 am [32m    LOG[39m [38;5;3m[InstanceLoader] [39m[32mAppModule dependencies initialized[39m[38;5;3m +1ms[39m
[32m[Nest] 501340  - [39m23/05/2026, 11:49:36 am [32m    LOG[39m [38;5;3m[InstanceLoader] [39m[32mConfigModule dependencies initialized[39m[38;5;3m +0ms[39m
[32m[Nest] 501340  - [39m23/05/2026, 11:49:36 am [32m    LOG[39m [38;5;3m[InstanceLoader] [39m[32mConfigModule dependencies initialized[39m[38;5;3m +0ms[39m
[32m[Nest] 501340  - [39m23/05/2026, 11:49:36 am [32m    LOG[39m [38;5;3m[InstanceLoader] [39m[32mVectorModule dependencies initialized[39m[38;5;3m +13ms[39m
[32m[Nest] 501340  - [39m23/05/2026, 11:49:36 am [32m    LOG[39m [38;5;3m[InstanceLoader] [39m[32mBullModule dependencies initialized[39m[38;5;3m +0ms[39m
[32m[Nest] 501340  - [39m23/05/2026, 11:49:36 am [32m    LOG[39m [38;5;3m[InstanceLoader] [39m[32mBullModule dependencies initialized[39m[38;5;3m +0ms[39m
[32m[Nest] 501340  - [39m23/05/2026, 11:49:36 am [32m    LOG[39m [38;5;3m[InstanceLoader] [39m[32mJwtModule dependencies initialized[39m[38;5;3m +0ms[39m
[32m[Nest] 501340  - [39m23/05/2026, 11:49:36 am [32m    LOG[39m [38;5;3m[InstanceLoader] [39m[32mBullModule dependencies initialized[39m[38;5;3m +4ms[39m
[32m[Nest] 501340  - [39m23/05/2026, 11:49:36 am [32m    LOG[39m [38;5;3m[InstanceLoader] [39m[32mAiModule dependencies initialized[39m[38;5;3m +0ms[39m
DNS Cache initialized for 794fd974-dced-4d95-a5c8-15e460ecec1d.sa-east-1-0.aws.cloud.qdrant.io -> 52.67.45.23
[32m[Nest] 501340  - [39m23/05/2026, 11:49:38 am [32m    LOG[39m [38;5;3m[InstanceLoader] [39m[32mMongooseCoreModule dependencies initialized[39m[38;5;3m +1383ms[39m
[32m[Nest] 501340  - [39m23/05/2026, 11:49:38 am [32m    LOG[39m [38;5;3m[InstanceLoader] [39m[32mMongooseModule dependencies initialized[39m[38;5;3m +3ms[39m
[32m[Nest] 501340  - [39m23/05/2026, 11:49:38 am [32m    LOG[39m [38;5;3m[InstanceLoader] [39m[32mMongooseModule dependencies initialized[39m[38;5;3m +0ms[39m
[32m[Nest] 501340  - [39m23/05/2026, 11:49:38 am [32m    LOG[39m [38;5;3m[InstanceLoader] [39m[32mMongooseModule dependencies initialized[39m[38;5;3m +0ms[39m
[32m[Nest] 501340  - [39m23/05/2026, 11:49:38 am [32m    LOG[39m [38;5;3m[InstanceLoader] [39m[32mUserModule dependencies initialized[39m[38;5;3m +1ms[39m
[32m[Nest] 501340  - [39m23/05/2026, 11:49:38 am [32m    LOG[39m [38;5;3m[InstanceLoader] [39m[32mQueueModule dependencies initialized[39m[38;5;3m +1ms[39m
[32m[Nest] 501340  - [39m23/05/2026, 11:49:38 am [32m    LOG[39m [38;5;3m[InstanceLoader] [39m[32mAuthModule dependencies initialized[39m[38;5;3m +1ms[39m
[32m[Nest] 501340  - [39m23/05/2026, 11:49:38 am [32m    LOG[39m [38;5;3m[InstanceLoader] [39m[32mShareModule dependencies initialized[39m[38;5;3m +0ms[39m
[32m[Nest] 501340  - [39m23/05/2026, 11:49:38 am [32m    LOG[39m [38;5;3m[InstanceLoader] [39m[32mContentModule dependencies initialized[39m[38;5;3m +0ms[39m
[32m[Nest] 501340  - [39m23/05/2026, 11:49:38 am [32m    LOG[39m [38;5;3m[RoutesResolver] [39m[32mAppController {/api/v1}:[39m[38;5;3m +6ms[39m
[32m[Nest] 501340  - [39m23/05/2026, 11:49:38 am [32m    LOG[39m [38;5;3m[RouterExplorer] [39m[32mMapped {/api/v1, GET} route[39m[38;5;3m +3ms[39m
[32m[Nest] 501340  - [39m23/05/2026, 11:49:38 am [32m    LOG[39m [38;5;3m[RoutesResolver] [39m[32mAuthController {/api/v1}:[39m[38;5;3m +1ms[39m
[32m[Nest] 501340  - [39m23/05/2026, 11:49:38 am [32m    LOG[39m [38;5;3m[RouterExplorer] [39m[32mMapped {/api/v1/signup, POST} route[39m[38;5;3m +0ms[39m
[32m[Nest] 501340  - [39m23/05/2026, 11:49:38 am [32m    LOG[39m [38;5;3m[RouterExplorer] [39m[32mMapped {/api/v1/signin, POST} route[39m[38;5;3m +1ms[39m
[32m[Nest] 501340  - [39m23/05/2026, 11:49:38 am [32m    LOG[39m [38;5;3m[RoutesResolver] [39m[32mContentController {/api/v1/content}:[39m[38;5;3m +0ms[39m
[32m[Nest] 501340  - [39m23/05/2026, 11:49:38 am [32m    LOG[39m [38;5;3m[RouterExplorer] [39m[32mMapped {/api/v1/content, POST} route[39m[38;5;3m +0ms[39m
[32m[Nest] 501340  - [39m23/05/2026, 11:49:38 am [32m    LOG[39m [38;5;3m[RouterExplorer] [39m[32mMapped {/api/v1/content/upload, POST} route[39m[38;5;3m +1ms[39m
[32m[Nest] 501340  - [39m23/05/2026, 11:49:38 am [32m    LOG[39m [38;5;3m[RouterExplorer] [39m[32mMapped {/api/v1/content, GET} route[39m[38;5;3m +0ms[39m
[32m[Nest] 501340  - [39m23/05/2026, 11:49:38 am [32m    LOG[39m [38;5;3m[RouterExplorer] [39m[32mMapped {/api/v1/content/:id, DELETE} route[39m[38;5;3m +1ms[39m
[32m[Nest] 501340  - [39m23/05/2026, 11:49:38 am [32m    LOG[39m [38;5;3m[RoutesResolver] [39m[32mAiController {/api/v1/ai}:[39m[38;5;3m +0ms[39m
[32m[Nest] 501340  - [39m23/05/2026, 11:49:38 am [32m    LOG[39m [38;5;3m[RouterExplorer] [39m[32mMapped {/api/v1/ai/search, GET} route[39m[38;5;3m +1ms[39m
[32m[Nest] 501340  - [39m23/05/2026, 11:49:38 am [32m    LOG[39m [38;5;3m[RouterExplorer] [39m[32mMapped {/api/v1/ai/ask, POST} route[39m[38;5;3m +0ms[39m
[32m[Nest] 501340  - [39m23/05/2026, 11:49:38 am [32m    LOG[39m [38;5;3m[RoutesResolver] [39m[32mShareController {/api/v1/brain}:[39m[38;5;3m +0ms[39m
[32m[Nest] 501340  - [39m23/05/2026, 11:49:38 am [32m    LOG[39m [38;5;3m[RouterExplorer] [39m[32mMapped {/api/v1/brain/share, POST} route[39m[38;5;3m +0ms[39m
[32m[Nest] 501340  - [39m23/05/2026, 11:49:38 am [32m    LOG[39m [38;5;3m[RouterExplorer] [39m[32mMapped {/api/v1/brain/:shareLink, GET} route[39m[38;5;3m +1ms[39m
[32m[Nest] 501340  - [39m23/05/2026, 11:49:39 am [32m    LOG[39m [38;5;3m[VectorService] [39m[32mUsing existing Qdrant collection: secondbrain[39m
[32m[Nest] 501340  - [39m23/05/2026, 11:49:39 am [32m    LOG[39m [38;5;3m[VectorService] [39m[32mEnsured payload index: userId (keyword)[39m
[32m[Nest] 501340  - [39m23/05/2026, 11:49:40 am [32m    LOG[39m [38;5;3m[VectorService] [39m[32mEnsured payload index: contentId (keyword)[39m
[32m[Nest] 501340  - [39m23/05/2026, 11:49:40 am [32m    LOG[39m [38;5;3m[NestApplication] [39m[32mNest application successfully started[39m[38;5;3m +3ms[39m
Backend is running on: http://localhost:3000/api/v1
[2J[3J[H[[90m11:49:46 am[0m] File change detected. Starting incremental compilation...

[[90m11:49:46 am[0m] Found 0 errors. Watching for file changes.

[dotenv@17.2.3] injecting env (0) from .env -- tip: ✅ audit secrets and track compliance: https://dotenvx.com/ops
Dynamic DNS Monkey-patch configured for 794fd974-dced-4d95-a5c8-15e460ecec1d.sa-east-1-0.aws.cloud.qdrant.io
[32m[Nest] 501423  - [39m23/05/2026, 11:49:48 am [32m    LOG[39m [38;5;3m[NestFactory] [39m[32mStarting Nest application...[39m
[32m[Nest] 501423  - [39m23/05/2026, 11:49:48 am [32m    LOG[39m [38;5;3m[InstanceLoader] [39m[32mMongooseModule dependencies initialized[39m[38;5;3m +20ms[39m
[32m[Nest] 501423  - [39m23/05/2026, 11:49:48 am [32m    LOG[39m [38;5;3m[InstanceLoader] [39m[32mPassportModule dependencies initialized[39m[38;5;3m +0ms[39m
[32m[Nest] 501423  - [39m23/05/2026, 11:49:48 am [32m    LOG[39m [38;5;3m[InstanceLoader] [39m[32mMulterModule dependencies initialized[39m[38;5;3m +0ms[39m
[32m[Nest] 501423  - [39m23/05/2026, 11:49:48 am [32m    LOG[39m [38;5;3m[InstanceLoader] [39m[32mConfigHostModule dependencies initialized[39m[38;5;3m +1ms[39m
[32m[Nest] 501423  - [39m23/05/2026, 11:49:48 am [32m    LOG[39m [38;5;3m[InstanceLoader] [39m[32mDiscoveryModule dependencies initialized[39m[38;5;3m +0ms[39m
[32m[Nest] 501423  - [39m23/05/2026, 11:49:48 am [32m    LOG[39m [38;5;3m[AiService] [39m[32mNVIDIA embedding service ready.[39m
[32m[Nest] 501423  - [39m23/05/2026, 11:49:48 am [32m    LOG[39m [38;5;3m[InstanceLoader] [39m[32mAppModule dependencies initialized[39m[38;5;3m +0ms[39m
[32m[Nest] 501423  - [39m23/05/2026, 11:49:48 am [32m    LOG[39m [38;5;3m[InstanceLoader] [39m[32mConfigModule dependencies initialized[39m[38;5;3m +0ms[39m
[32m[Nest] 501423  - [39m23/05/2026, 11:49:48 am [32m    LOG[39m [38;5;3m[InstanceLoader] [39m[32mConfigModule dependencies initialized[39m[38;5;3m +0ms[39m
[32m[Nest] 501423  - [39m23/05/2026, 11:49:48 am [32m    LOG[39m [38;5;3m[InstanceLoader] [39m[32mVectorModule dependencies initialized[39m[38;5;3m +14ms[39m
[32m[Nest] 501423  - [39m23/05/2026, 11:49:48 am [32m    LOG[39m [38;5;3m[InstanceLoader] [39m[32mBullModule dependencies initialized[39m[38;5;3m +0ms[39m
[32m[Nest] 501423  - [39m23/05/2026, 11:49:48 am [32m    LOG[39m [38;5;3m[InstanceLoader] [39m[32mBullModule dependencies initialized[39m[38;5;3m +0ms[39m
[32m[Nest] 501423  - [39m23/05/2026, 11:49:48 am [32m    LOG[39m [38;5;3m[InstanceLoader] [39m[32mJwtModule dependencies initialized[39m[38;5;3m +1ms[39m
[32m[Nest] 501423  - [39m23/05/2026, 11:49:48 am [32m    LOG[39m [38;5;3m[InstanceLoader] [39m[32mBullModule dependencies initialized[39m[38;5;3m +3ms[39m
[32m[Nest] 501423  - [39m23/05/2026, 11:49:48 am [32m    LOG[39m [38;5;3m[InstanceLoader] [39m[32mAiModule dependencies initialized[39m[38;5;3m +0ms[39m
DNS Cache initialized for 794fd974-dced-4d95-a5c8-15e460ecec1d.sa-east-1-0.aws.cloud.qdrant.io -> 52.67.45.23
[32m[Nest] 501423  - [39m23/05/2026, 11:49:49 am [32m    LOG[39m [38;5;3m[InstanceLoader] [39m[32mMongooseCoreModule dependencies initialized[39m[38;5;3m +852ms[39m
[32m[Nest] 501423  - [39m23/05/2026, 11:49:49 am [32m    LOG[39m [38;5;3m[InstanceLoader] [39m[32mMongooseModule dependencies initialized[39m[38;5;3m +3ms[39m
[32m[Nest] 501423  - [39m23/05/2026, 11:49:49 am [32m    LOG[39m [38;5;3m[InstanceLoader] [39m[32mMongooseModule dependencies initialized[39m[38;5;3m +0ms[39m
[32m[Nest] 501423  - [39m23/05/2026, 11:49:49 am [32m    LOG[39m [38;5;3m[InstanceLoader] [39m[32mMongooseModule dependencies initialized[39m[38;5;3m +0ms[39m
[32m[Nest] 501423  - [39m23/05/2026, 11:49:49 am [32m    LOG[39m [38;5;3m[InstanceLoader] [39m[32mUserModule dependencies initialized[39m[38;5;3m +1ms[39m
[32m[Nest] 501423  - [39m23/05/2026, 11:49:49 am [32m    LOG[39m [38;5;3m[InstanceLoader] [39m[32mQueueModule dependencies initialized[39m[38;5;3m +1ms[39m
[32m[Nest] 501423  - [39m23/05/2026, 11:49:49 am [32m    LOG[39m [38;5;3m[InstanceLoader] [39m[32mAuthModule dependencies initialized[39m[38;5;3m +1ms[39m
[32m[Nest] 501423  - [39m23/05/2026, 11:49:49 am [32m    LOG[39m [38;5;3m[InstanceLoader] [39m[32mShareModule dependencies initialized[39m[38;5;3m +0ms[39m
[32m[Nest] 501423  - [39m23/05/2026, 11:49:49 am [32m    LOG[39m [38;5;3m[InstanceLoader] [39m[32mContentModule dependencies initialized[39m[38;5;3m +0ms[39m
[32m[Nest] 501423  - [39m23/05/2026, 11:49:49 am [32m    LOG[39m [38;5;3m[RoutesResolver] [39m[32mAppController {/api/v1}:[39m[38;5;3m +6ms[39m
[32m[Nest] 501423  - [39m23/05/2026, 11:49:49 am [32m    LOG[39m [38;5;3m[RouterExplorer] [39m[32mMapped {/api/v1, GET} route[39m[38;5;3m +3ms[39m
[32m[Nest] 501423  - [39m23/05/2026, 11:49:49 am [32m    LOG[39m [38;5;3m[RoutesResolver] [39m[32mAuthController {/api/v1}:[39m[38;5;3m +0ms[39m
[32m[Nest] 501423  - [39m23/05/2026, 11:49:49 am [32m    LOG[39m [38;5;3m[RouterExplorer] [39m[32mMapped {/api/v1/signup, POST} route[39m[38;5;3m +1ms[39m
[32m[Nest] 501423  - [39m23/05/2026, 11:49:49 am [32m    LOG[39m [38;5;3m[RouterExplorer] [39m[32mMapped {/api/v1/signin, POST} route[39m[38;5;3m +1ms[39m
[32m[Nest] 501423  - [39m23/05/2026, 11:49:49 am [32m    LOG[39m [38;5;3m[RoutesResolver] [39m[32mContentController {/api/v1/content}:[39m[38;5;3m +0ms[39m
[32m[Nest] 501423  - [39m23/05/2026, 11:49:49 am [32m    LOG[39m [38;5;3m[RouterExplorer] [39m[32mMapped {/api/v1/content, POST} route[39m[38;5;3m +1ms[39m
[32m[Nest] 501423  - [39m23/05/2026, 11:49:49 am [32m    LOG[39m [38;5;3m[RouterExplorer] [39m[32mMapped {/api/v1/content/upload, POST} route[39m[38;5;3m +0ms[39m
[32m[Nest] 501423  - [39m23/05/2026, 11:49:49 am [32m    LOG[39m [38;5;3m[RouterExplorer] [39m[32mMapped {/api/v1/content, GET} route[39m[38;5;3m +1ms[39m
[32m[Nest] 501423  - [39m23/05/2026, 11:49:49 am [32m    LOG[39m [38;5;3m[RouterExplorer] [39m[32mMapped {/api/v1/content/:id, DELETE} route[39m[38;5;3m +1ms[39m
[32m[Nest] 501423  - [39m23/05/2026, 11:49:49 am [32m    LOG[39m [38;5;3m[RoutesResolver] [39m[32mAiController {/api/v1/ai}:[39m[38;5;3m +0ms[39m
[32m[Nest] 501423  - [39m23/05/2026, 11:49:49 am [32m    LOG[39m [38;5;3m[RouterExplorer] [39m[32mMapped {/api/v1/ai/search, GET} route[39m[38;5;3m +0ms[39m
[32m[Nest] 501423  - [39m23/05/2026, 11:49:49 am [32m    LOG[39m [38;5;3m[RouterExplorer] [39m[32mMapped {/api/v1/ai/ask, POST} route[39m[38;5;3m +1ms[39m
[32m[Nest] 501423  - [39m23/05/2026, 11:49:49 am [32m    LOG[39m [38;5;3m[RoutesResolver] [39m[32mShareController {/api/v1/brain}:[39m[38;5;3m +0ms[39m
[32m[Nest] 501423  - [39m23/05/2026, 11:49:49 am [32m    LOG[39m [38;5;3m[RouterExplorer] [39m[32mMapped {/api/v1/brain/share, POST} route[39m[38;5;3m +0ms[39m
[32m[Nest] 501423  - [39m23/05/2026, 11:49:49 am [32m    LOG[39m [38;5;3m[RouterExplorer] [39m[32mMapped {/api/v1/brain/:shareLink, GET} route[39m[38;5;3m +1ms[39m
[32m[Nest] 501423  - [39m23/05/2026, 11:49:50 am [32m    LOG[39m [38;5;3m[VectorService] [39m[32mUsing existing Qdrant collection: secondbrain[39m
[32m[Nest] 501423  - [39m23/05/2026, 11:49:50 am [32m    LOG[39m [38;5;3m[VectorService] [39m[32mEnsured payload index: userId (keyword)[39m
[32m[Nest] 501423  - [39m23/05/2026, 11:49:50 am [32m    LOG[39m [38;5;3m[VectorService] [39m[32mEnsured payload index: contentId (keyword)[39m
[32m[Nest] 501423  - [39m23/05/2026, 11:49:50 am [32m    LOG[39m [38;5;3m[NestApplication] [39m[32mNest application successfully started[39m[38;5;3m +4ms[39m
Backend is running on: http://localhost:3000/api/v1
[32m[Nest] 501423  - [39m23/05/2026, 11:50:22 am [32m    LOG[39m [38;5;3m[ExtractionProcessor] [39m[32mProcessing job reindex-v3-69c78a88e287e0e2237dcf3e for content 69c78a88e287e0e2237dcf3e[39m
[32m[Nest] 501423  - [39m23/05/2026, 11:50:22 am [32m    LOG[39m [38;5;3m[ExtractionProcessor] [39m[32mGenerating summary and tags for content 69c78a88e287e0e2237dcf3e[39m
[32m[Nest] 501423  - [39m23/05/2026, 11:50:26 am [32m    LOG[39m [38;5;3m[VectorService] [39m[32mDeleted vectors for contentId: 69c78a88e287e0e2237dcf3e[39m
[32m[Nest] 501423  - [39m23/05/2026, 11:50:28 am [32m    LOG[39m [38;5;3m[ExtractionProcessor] [39m[32mJob reindex-v3-69c78a88e287e0e2237dcf3e completed successfully[39m
[32m[Nest] 501423  - [39m23/05/2026, 11:50:29 am [32m    LOG[39m [38;5;3m[ExtractionProcessor] [39m[32mProcessing job reindex-v3-69c78ab2e287e0e2237dcf4e for content 69c78ab2e287e0e2237dcf4e[39m
[32m[Nest] 501423  - [39m23/05/2026, 11:50:29 am [32m    LOG[39m [38;5;3m[ExtractionProcessor] [39m[32mGenerating summary and tags for content 69c78ab2e287e0e2237dcf4e[39m
[32m[Nest] 501423  - [39m23/05/2026, 11:50:42 am [32m    LOG[39m [38;5;3m[VectorService] [39m[32mDeleted vectors for contentId: 69c78ab2e287e0e2237dcf4e[39m
[32m[Nest] 501423  - [39m23/05/2026, 11:50:45 am [32m    LOG[39m [38;5;3m[ExtractionProcessor] [39m[32mJob reindex-v3-69c78ab2e287e0e2237dcf4e completed successfully[39m
[32m[Nest] 501423  - [39m23/05/2026, 11:50:45 am [32m    LOG[39m [38;5;3m[ExtractionProcessor] [39m[32mProcessing job reindex-v3-69c78af3e287e0e2237dcf64 for content 69c78af3e287e0e2237dcf64[39m
[32m[Nest] 501423  - [39m23/05/2026, 11:50:45 am [32m    LOG[39m [38;5;3m[ExtractionProcessor] [39m[32mGenerating summary and tags for content 69c78af3e287e0e2237dcf64[39m
[32m[Nest] 501423  - [39m23/05/2026, 11:50:59 am [32m    LOG[39m [38;5;3m[VectorService] [39m[32mDeleted vectors for contentId: 69c78af3e287e0e2237dcf64[39m
[32m[Nest] 501423  - [39m23/05/2026, 11:51:03 am [32m    LOG[39m [38;5;3m[ExtractionProcessor] [39m[32mJob reindex-v3-69c78af3e287e0e2237dcf64 completed successfully[39m
[32m[Nest] 501423  - [39m23/05/2026, 11:51:03 am [32m    LOG[39m [38;5;3m[ExtractionProcessor] [39m[32mProcessing job reindex-v3-69c78c174a8d225ae5a6fd7e for content 69c78c174a8d225ae5a6fd7e[39m
[32m[Nest] 501423  - [39m23/05/2026, 11:51:03 am [32m    LOG[39m [38;5;3m[ExtractionProcessor] [39m[32mGenerating summary and tags for content 69c78c174a8d225ae5a6fd7e[39m
[32m[Nest] 501423  - [39m23/05/2026, 11:51:05 am [32m    LOG[39m [38;5;3m[VectorService] [39m[32mDeleted vectors for contentId: 69c78c174a8d225ae5a6fd7e[39m
[32m[Nest] 501423  - [39m23/05/2026, 11:51:07 am [32m    LOG[39m [38;5;3m[ExtractionProcessor] [39m[32mJob reindex-v3-69c78c174a8d225ae5a6fd7e completed successfully[39m
[32m[Nest] 501423  - [39m23/05/2026, 11:51:07 am [32m    LOG[39m [38;5;3m[ExtractionProcessor] [39m[32mProcessing job reindex-v3-69c78d8740a922aab5ce54c4 for content 69c78d8740a922aab5ce54c4[39m
[32m[Nest] 501423  - [39m23/05/2026, 11:51:07 am [32m    LOG[39m [38;5;3m[ExtractionProcessor] [39m[32mGenerating summary and tags for content 69c78d8740a922aab5ce54c4[39m
[32m[Nest] 501423  - [39m23/05/2026, 11:51:09 am [32m    LOG[39m [38;5;3m[VectorService] [39m[32mDeleted vectors for contentId: 69c78d8740a922aab5ce54c4[39m
[32m[Nest] 501423  - [39m23/05/2026, 11:51:14 am [32m    LOG[39m [38;5;3m[ExtractionProcessor] [39m[32mJob reindex-v3-69c78d8740a922aab5ce54c4 completed successfully[39m
[32m[Nest] 501423  - [39m23/05/2026, 11:51:14 am [32m    LOG[39m [38;5;3m[ExtractionProcessor] [39m[32mProcessing job reindex-v3-69cf984fcd61ee6a18acc676 for content 69cf984fcd61ee6a18acc676[39m
[32m[Nest] 501423  - [39m23/05/2026, 11:51:14 am [32m    LOG[39m [38;5;3m[ExtractionProcessor] [39m[32mGenerating summary and tags for content 69cf984fcd61ee6a18acc676[39m
[32m[Nest] 501423  - [39m23/05/2026, 11:51:16 am [32m    LOG[39m [38;5;3m[VectorService] [39m[32mDeleted vectors for contentId: 69cf984fcd61ee6a18acc676[39m
[32m[Nest] 501423  - [39m23/05/2026, 11:51:47 am [32m    LOG[39m [38;5;3m[ExtractionProcessor] [39m[32mJob reindex-v3-69cf984fcd61ee6a18acc676 completed successfully[39m
[32m[Nest] 501423  - [39m23/05/2026, 11:51:49 am [32m    LOG[39m [38;5;3m[ExtractionProcessor] [39m[32mProcessing job reindex-v3-6a10d85390d9c2dd4adbb2d7 for content 6a10d85390d9c2dd4adbb2d7[39m
[32m[Nest] 501423  - [39m23/05/2026, 11:51:49 am [32m    LOG[39m [38;5;3m[ExtractionProcessor] [39m[32mGenerating summary and tags for content 6a10d85390d9c2dd4adbb2d7[39m
[32m[Nest] 501423  - [39m23/05/2026, 11:52:20 am [32m    LOG[39m [38;5;3m[VectorService] [39m[32mDeleted vectors for contentId: 6a10d85390d9c2dd4adbb2d7[39m
[32m[Nest] 501423  - [39m23/05/2026, 11:57:50 am [32m    LOG[39m [38;5;3m[ExtractionProcessor] [39m[32mJob reindex-v3-6a10d85390d9c2dd4adbb2d7 completed successfully[39m
[32m[Nest] 501423  - [39m23/05/2026, 11:57:51 am [32m    LOG[39m [38;5;3m[ExtractionProcessor] [39m[32mProcessing job reindex-v3-6a10e24d6db04a89fba96497 for content 6a10e24d6db04a89fba96497[39m
[32m[Nest] 501423  - [39m23/05/2026, 11:57:51 am [32m    LOG[39m [38;5;3m[ExtractionProcessor] [39m[32mGenerating summary and tags for content 6a10e24d6db04a89fba96497[39m
[32m[Nest] 501423  - [39m23/05/2026, 11:57:53 am [32m    LOG[39m [38;5;3m[VectorService] [39m[32mDeleted vectors for contentId: 6a10e24d6db04a89fba96497[39m
[32m[Nest] 501423  - [39m23/05/2026, 11:57:57 am [32m    LOG[39m [38;5;3m[ExtractionProcessor] [39m[32mJob reindex-v3-6a10e24d6db04a89fba96497 completed successfully[39m
[32m[Nest] 501423  - [39m23/05/2026, 11:57:57 am [32m    LOG[39m [38;5;3m[ExtractionProcessor] [39m[32mProcessing job reindex-v3-6a10e823128fa275e404d04f for content 6a10e823128fa275e404d04f[39m
[32m[Nest] 501423  - [39m23/05/2026, 11:57:57 am [32m    LOG[39m [38;5;3m[ExtractionProcessor] [39m[32mGenerating summary and tags for content 6a10e823128fa275e404d04f[39m
[32m[Nest] 501423  - [39m23/05/2026, 11:57:59 am [32m    LOG[39m [38;5;3m[VectorService] [39m[32mDeleted vectors for contentId: 6a10e823128fa275e404d04f[39m
[32m[Nest] 501423  - [39m23/05/2026, 11:58:02 am [32m    LOG[39m [38;5;3m[ExtractionProcessor] [39m[32mJob reindex-v3-6a10e823128fa275e404d04f completed successfully[39m
Error: getaddrinfo EAI_AGAIN picked-labrador-133465.upstash.io
    at GetAddrInfoReqWrap.onlookupall [as oncomplete] (node:dns:122:26) {
  errno: -3001,
  code: 'EAI_AGAIN',
  syscall: 'getaddrinfo',
  hostname: 'picked-labrador-133465.upstash.io'
}
Error: read ECONNRESET
    at TLSWrap.onStreamRead (node:internal/stream_base_commons:216:20) {
  errno: -104,
  code: 'ECONNRESET',
  syscall: 'read'
}
Error: read ECONNRESET
    at TLSWrap.onStreamRead (node:internal/stream_base_commons:216:20) {
  errno: -104,
  code: 'ECONNRESET',
  syscall: 'read'
}
